{"name":"testDataProvider","status":"skipped","statusDetails":{"known":false,"muted":false,"flaky":false,"message":"org.json.JSONException: JSONObject[\"user1\"] not found.","trace":"java.lang.RuntimeException: org.json.JSONException: JSONObject[\"user1\"] not found.\n\tat org.testng.internal.MethodInvocationHelper.invokeMethodNoCheckedException(MethodInvocationHelper.java:49)\n\tat org.testng.internal.MethodInvocationHelper.invokeDataProvider(MethodInvocationHelper.java:131)\n\tat org.testng.internal.Parameters.handleParameters(Parameters.java:706)\n\tat org.testng.internal.ParameterHandler.handleParameters(ParameterHandler.java:49)\n\tat org.testng.internal.ParameterHandler.createParameters(ParameterHandler.java:37)\n\tat org.testng.internal.Invoker.invokeTestMethods(Invoker.java:924)\n\tat org.testng.internal.TestMethodWorker.invokeTestMethods(TestMethodWorker.java:125)\n\tat org.testng.internal.TestMethodWorker.run(TestMethodWorker.java:109)\n\tat org.testng.TestRunner.privateRun(TestRunner.java:648)\n\tat org.testng.TestRunner.run(TestRunner.java:505)\n\tat org.testng.SuiteRunner.runTest(SuiteRunner.java:455)\n\tat org.testng.SuiteRunner.runSequentially(SuiteRunner.java:450)\n\tat org.testng.SuiteRunner.privateRun(SuiteRunner.java:415)\n\tat org.testng.SuiteRunner.run(SuiteRunner.java:364)\n\tat org.testng.SuiteRunnerWorker.runSuite(SuiteRunnerWorker.java:52)\n\tat org.testng.SuiteRunnerWorker.run(SuiteRunnerWorker.java:84)\n\tat org.testng.TestNG.runSuitesSequentially(TestNG.java:1208)\n\tat org.testng.TestNG.runSuitesLocally(TestNG.java:1137)\n\tat org.testng.TestNG.runSuites(TestNG.java:1049)\n\tat org.testng.TestNG.run(TestNG.java:1017)\n\tat org.testng.IDEARemoteTestNG.run(IDEARemoteTestNG.java:73)\n\tat org.testng.RemoteTestNGStarter.main(RemoteTestNGStarter.java:123)\nCaused by: org.json.JSONException: JSONObject[\"user1\"] not found.\n\tat org.json.JSONObject.get(JSONObject.java:573)\n\tat org.json.JSONObject.getJSONObject(JSONObject.java:766)\n\tat com.curry.webauto_java.tool.ReadData.readJson(ReadData.java:19)\n\tat com.curry.webauto_java.scripts.TestDemo.dataProvider(TestDemo.java:64)\n\tat sun.reflect.NativeMethodAccessorImpl.invoke0(Native Method)\n\tat sun.reflect.NativeMethodAccessorImpl.invoke(NativeMethodAccessorImpl.java:62)\n\tat sun.reflect.DelegatingMethodAccessorImpl.invoke(DelegatingMethodAccessorImpl.java:43)\n\tat java.lang.reflect.Method.invoke(Method.java:498)\n\tat org.testng.internal.MethodInvocationHelper.invokeMethod(MethodInvocationHelper.java:124)\n\tat org.testng.internal.MethodInvocationHelper.invokeMethod(MethodInvocationHelper.java:74)\n\tat org.testng.internal.MethodInvocationHelper.invokeMethodNoCheckedException(MethodInvocationHelper.java:45)\n\t... 21 more\n"},"stage":"finished","steps":[],"attachments":[],"parameters":[],"start":1575206865323,"stop":1575206865327,"uuid":"f4b39a24-8add-4dce-a1b2-48ebb885b02e","historyId":"72c028696a4ee1950ad7ef8c86d2fd3e","fullName":"com.curry.webauto_java.scripts.TestDemo.testDataProvider","labels":[{"name":"package","value":"com.curry.webauto_java.scripts.TestDemo"},{"name":"testClass","value":"com.curry.webauto_java.scripts.TestDemo"},{"name":"testMethod","value":"testDataProvider"},{"name":"parentSuite","value":"All Test Suite"},{"name":"suite","value":"/Users/liucong/Downloads/javaprojects/webauto_java"},{"name":"subSuite","value":"com.curry.webauto_java.scripts.TestDemo"},{"name":"host","value":"liucongdeMacBook-Pro.local"},{"name":"thread","value":"959@liucongdeMacBook-Pro.local.main(1)"},{"name":"framework","value":"testng"},{"name":"language","value":"java"}],"links":[]}